2025-07-24 20:14:43,788 - aiogram.event - INFO - Update id=885342917 is handled. Duration 375 ms by bot id=7958736610
2025-07-24 20:14:45,152 - middlewares.logging - INFO - Callback from 665852999: admin_settings
2025-07-24 20:14:45,398 - aiogram.event - INFO - Update id=885342918 is handled. Duration 250 ms by bot id=7958736610
2025-07-24 20:14:47,372 - middlewares.logging - INFO - Callback from 665852999: admin_back
2025-07-24 20:14:47,627 - aiogram.event - INFO - Update id=885342919 is handled. Duration 264 ms by bot id=7958736610
2025-07-24 20:14:48,840 - middlewares.logging - INFO - Callback from 665852999: admin_users
2025-07-24 20:14:49,024 - aiogram.event - INFO - Update id=885342920 is handled. Duration 187 ms by bot id=7958736610
2025-07-24 20:14:50,615 - middlewares.logging - INFO - Callback from 665852999: users_list_0
2025-07-24 20:14:50,626 - aiogram.event - INFO - Update id=885342921 is not handled. Duration 30 ms by bot id=7958736610
2025-07-24 20:16:00,252 - middlewares.logging - INFO - Callback from 665852999: admin_back
2025-07-24 20:16:00,433 - aiogram.event - INFO - Update id=885342922 is handled. Duration 203 ms by bot id=7958736610
2025-07-24 20:16:01,574 - middlewares.logging - INFO - Callback from 665852999: admin_broadcast
2025-07-24 20:16:01,758 - aiogram.event - INFO - Update id=885342923 is handled. Duration 186 ms by bot id=7958736610
2025-07-24 20:16:02,852 - middlewares.logging - INFO - Callback from 665852999: broadcast_ads
2025-07-24 20:16:03,068 - aiogram.event - INFO - Update id=885342924 is handled. Duration 235 ms by bot id=7958736610
2025-07-24 20:16:04,636 - middlewares.logging - INFO - Callback from 665852999: create_ad
2025-07-24 20:16:04,880 - aiogram.event - INFO - Update id=885342925 is handled. Duration 250 ms by bot id=7958736610
2025-07-24 20:16:37,859 - middlewares.logging - INFO - Message from 665852999: Проверка рассылки постов. Пожалуйста, не обращайте внимания!
2025-07-24 20:16:38,859 - aiogram.event - INFO - Update id=885342926 is handled. Duration 1015 ms by bot id=7958736610
2025-07-24 20:16:40,359 - middlewares.logging - INFO - Callback from 665852999: ad_settings
2025-07-24 20:16:40,584 - aiogram.event - INFO - Update id=885342927 is handled. Duration 250 ms by bot id=7958736610
2025-07-24 20:17:16,865 - middlewares.logging - INFO - Message from 665852999: Аудитория: regular
Круги: 3
Частота: 0.1
2025-07-24 20:17:17,174 - aiogram.event - INFO - Update id=885342928 is handled. Duration 328 ms by bot id=7958736610
2025-07-24 20:17:23,333 - middlewares.logging - INFO - Callback from 665852999: send_ad
2025-07-24 20:17:38,330 - middlewares.logging - INFO - Message from 665852999: /admin
2025-07-24 20:17:38,549 - aiogram.event - INFO - Update id=885342930 is handled. Duration 234 ms by bot id=7958736610
2025-07-24 20:17:40,008 - middlewares.logging - INFO - Callback from 665852999: admin_broadcast
2025-07-24 20:17:40,189 - aiogram.event - INFO - Update id=885342931 is handled. Duration 188 ms by bot id=7958736610
2025-07-24 20:17:41,423 - middlewares.logging - INFO - Callback from 665852999: broadcast_ads
2025-07-24 20:17:41,589 - aiogram.event - INFO - Update id=885342932 is handled. Duration 172 ms by bot id=7958736610
2025-07-24 20:17:42,610 - middlewares.logging - INFO - Callback from 665852999: ad_stats
2025-07-24 20:17:42,790 - aiogram.event - INFO - Update id=885342933 is handled. Duration 186 ms by bot id=7958736610
2025-07-24 20:17:44,660 - middlewares.logging - INFO - Callback from 665852999: broadcast_ads
2025-07-24 20:17:44,853 - aiogram.event - INFO - Update id=885342934 is handled. Duration 203 ms by bot id=7958736610
2025-07-24 20:17:46,933 - middlewares.logging - INFO - Callback from 665852999: admin_broadcast
2025-07-24 20:17:47,108 - aiogram.event - INFO - Update id=885342935 is handled. Duration 187 ms by bot id=7958736610
2025-07-24 20:18:16,894 - middlewares.logging - INFO - Callback from 665852999: broadcast_ads
2025-07-24 20:18:17,116 - aiogram.event - INFO - Update id=885342936 is handled. Duration 235 ms by bot id=7958736610
2025-07-24 20:21:03,088 - aiogram.dispatcher - INFO - Polling stopped
2025-07-24 20:21:03,089 - aiogram.dispatcher - ERROR - Failed to fetch updates - TelegramNetworkError: HTTP Client says - ServerDisconnectedError: Server disconnected
2025-07-24 20:21:03,090 - aiogram.dispatcher - WARNING - Sleep for 1.000000 seconds and try again... (tryings = 0, bot id = 7958736610)
2025-07-24 20:21:03,344 - aiogram.dispatcher - INFO - Polling stopped for bot @AnonymateLove_bot id=7958736610 - 'Anonymate'
2025-07-24 20:21:03,345 - aiogram.event - INFO - Update id=885342929 is not handled. Duration 220030 ms by bot id=7958736610
2025-07-24 20:21:03,348 - __main__ - INFO - Бот остановлен пользователем
2025-07-24 20:21:23,043 - __main__ - INFO - Tortoise-ORM инициализирована
2025-07-24 20:21:23,544 - __main__ - INFO - Обработчики и middleware зарегистрированы
2025-07-24 20:21:24,385 - utils.commands - INFO - Команды бота успешно установлены
2025-07-24 20:21:24,386 - __main__ - INFO - Бот запущен
2025-07-24 20:21:24,386 - aiogram.dispatcher - INFO - Start polling
2025-07-24 20:21:24,593 - aiogram.dispatcher - INFO - Run polling for bot @AnonymateLove_bot id=7958736610 - 'Anonymate'
2025-07-24 20:21:33,928 - middlewares.logging - INFO - Callback from 665852999: admin_broadcast
2025-07-24 20:21:34,646 - aiogram.event - INFO - Update id=885342937 is handled. Duration 735 ms by bot id=7958736610
2025-07-24 20:21:36,469 - middlewares.logging - INFO - Callback from 665852999: broadcast_all
2025-07-24 20:21:36,700 - aiogram.event - INFO - Update id=885342938 is handled. Duration 250 ms by bot id=7958736610
2025-07-24 20:21:39,693 - middlewares.logging - INFO - Message from 665852999: /admin
2025-07-24 20:21:40,109 - aiogram.event - INFO - Update id=885342939 is handled. Duration 437 ms by bot id=7958736610
2025-07-24 20:21:41,358 - middlewares.logging - INFO - Callback from 665852999: admin_users
2025-07-24 20:21:41,549 - aiogram.event - INFO - Update id=885342940 is handled. Duration 203 ms by bot id=7958736610
2025-07-24 20:21:42,739 - middlewares.logging - INFO - Callback from 665852999: users_list_0
2025-07-24 20:21:43,026 - aiogram.event - INFO - Update id=885342941 is handled. Duration 311 ms by bot id=7958736610
2025-07-24 20:21:47,296 - middlewares.logging - INFO - Callback from 665852999: users_list_1
2025-07-24 20:21:47,590 - aiogram.event - INFO - Update id=885342942 is handled. Duration 328 ms by bot id=7958736610
2025-07-24 20:21:50,277 - middlewares.logging - INFO - Callback from 665852999: user_8393148181
2025-07-24 20:21:50,469 - aiogram.event - INFO - Update id=885342943 is handled. Duration 203 ms by bot id=7958736610
2025-07-24 20:21:52,740 - middlewares.logging - INFO - Callback from 665852999: user_actions_8393148181
2025-07-24 20:21:52,994 - aiogram.event - INFO - Update id=885342944 is handled. Duration 265 ms by bot id=7958736610
2025-07-24 20:21:54,450 - middlewares.logging - INFO - Callback from 665852999: unban_8393148181
2025-07-24 20:21:55,141 - aiogram.event - INFO - Update id=885342945 is handled. Duration 702 ms by bot id=7958736610
2025-07-24 20:21:56,275 - middlewares.logging - INFO - Callback from 665852999: user_actions_8393148181
2025-07-24 20:21:56,465 - aiogram.event - INFO - Update id=885342946 is handled. Duration 203 ms by bot id=7958736610
2025-07-24 20:21:59,319 - middlewares.logging - INFO - Callback from 665852999: rating_8393148181_+50
2025-07-24 20:21:59,792 - aiogram.event - INFO - Update id=885342947 is handled. Duration 500 ms by bot id=7958736610
2025-07-24 20:22:02,901 - middlewares.logging - INFO - Callback from 665852999: users_list_0
2025-07-24 20:22:03,221 - aiogram.event - INFO - Update id=885342948 is handled. Duration 328 ms by bot id=7958736610
2025-07-24 20:22:07,330 - middlewares.logging - INFO - Callback from 665852999: user_1975253718
2025-07-24 20:22:07,497 - aiogram.event - INFO - Update id=885342949 is handled. Duration 186 ms by bot id=7958736610
2025-07-24 20:22:10,403 - middlewares.logging - INFO - Callback from 665852999: user_history_1975253718
2025-07-24 20:22:10,634 - aiogram.event - INFO - Update id=885342950 is handled. Duration 234 ms by bot id=7958736610
2025-07-24 20:22:12,169 - middlewares.logging - INFO - Callback from 665852999: user_1975253718
2025-07-24 20:22:12,400 - aiogram.event - INFO - Update id=885342951 is handled. Duration 235 ms by bot id=7958736610
2025-07-24 20:22:13,529 - middlewares.logging - INFO - Callback from 665852999: user_actions_1975253718
2025-07-24 20:22:13,767 - aiogram.event - INFO - Update id=885342952 is handled. Duration 250 ms by bot id=7958736610
2025-07-24 20:22:17,003 - middlewares.logging - INFO - Callback from 665852999: unpremium_1975253718
2025-07-24 20:22:17,566 - aiogram.event - INFO - Update id=885342953 is handled. Duration 578 ms by bot id=7958736610
2025-07-24 20:22:19,287 - middlewares.logging - INFO - Callback from 665852999: users_list_0
2025-07-24 20:22:19,496 - aiogram.event - INFO - Update id=885342954 is handled. Duration 234 ms by bot id=7958736610
2025-07-24 20:22:22,300 - middlewares.logging - INFO - Callback from 665852999: user_665852999
2025-07-24 20:22:22,573 - aiogram.event - INFO - Update id=885342955 is handled. Duration 282 ms by bot id=7958736610
2025-07-24 20:22:23,733 - middlewares.logging - INFO - Callback from 665852999: user_actions_665852999
2025-07-24 20:22:23,906 - aiogram.event - INFO - Update id=885342956 is handled. Duration 186 ms by bot id=7958736610
2025-07-24 20:22:26,262 - middlewares.logging - INFO - Callback from 665852999: premium_665852999
2025-07-24 20:22:26,726 - aiogram.event - INFO - Update id=885342957 is handled. Duration 484 ms by bot id=7958736610
2025-07-24 20:23:33,022 - middlewares.logging - INFO - Callback from 665852999: user_actions_665852999
2025-07-24 20:23:33,400 - aiogram.event - INFO - Update id=885342958 is handled. Duration 390 ms by bot id=7958736610
2025-07-24 20:23:40,662 - middlewares.logging - INFO - Callback from 665852999: user_665852999
2025-07-24 20:23:40,848 - aiogram.event - INFO - Update id=885342959 is handled. Duration 203 ms by bot id=7958736610
2025-07-24 20:23:43,091 - middlewares.logging - INFO - Callback from 665852999: users_list_0
2025-07-24 20:23:43,339 - aiogram.event - INFO - Update id=885342960 is handled. Duration 265 ms by bot id=7958736610
2025-07-24 20:23:44,701 - middlewares.logging - INFO - Callback from 665852999: users_list_1
2025-07-24 20:23:44,923 - aiogram.event - INFO - Update id=885342961 is handled. Duration 234 ms by bot id=7958736610
2025-07-24 20:23:46,543 - middlewares.logging - INFO - Callback from 665852999: user_8393148181
2025-07-24 20:23:46,832 - aiogram.event - INFO - Update id=885342962 is handled. Duration 312 ms by bot id=7958736610
2025-07-24 20:23:47,967 - middlewares.logging - INFO - Callback from 665852999: user_history_8393148181
2025-07-24 20:23:48,183 - aiogram.event - INFO - Update id=885342963 is handled. Duration 235 ms by bot id=7958736610
2025-07-24 20:23:53,690 - middlewares.logging - INFO - Callback from 665852999: user_8393148181
2025-07-24 20:23:53,887 - aiogram.event - INFO - Update id=885342964 is handled. Duration 218 ms by bot id=7958736610
2025-07-24 20:23:55,149 - middlewares.logging - INFO - Callback from 665852999: users_list_0
2025-07-24 20:23:55,339 - aiogram.event - INFO - Update id=885342965 is handled. Duration 219 ms by bot id=7958736610
2025-07-24 20:23:57,578 - middlewares.logging - INFO - Callback from 665852999: admin_users
2025-07-24 20:23:57,761 - aiogram.event - INFO - Update id=885342966 is handled. Duration 186 ms by bot id=7958736610
2025-07-24 20:23:59,389 - middlewares.logging - INFO - Callback from 665852999: admin_problem_users
2025-07-24 20:23:59,605 - aiogram.event - INFO - Update id=885342967 is handled. Duration 235 ms by bot id=7958736610
2025-07-24 20:24:01,456 - middlewares.logging - INFO - Callback from 665852999: admin_users
2025-07-24 20:24:02,097 - aiogram.event - INFO - Update id=885342968 is handled. Duration 655 ms by bot id=7958736610
2025-07-24 20:24:03,507 - middlewares.logging - INFO - Callback from 665852999: admin_banned_users
2025-07-24 20:24:03,713 - aiogram.event - INFO - Update id=885342969 is handled. Duration 218 ms by bot id=7958736610
2025-07-24 20:24:04,894 - middlewares.logging - INFO - Callback from 665852999: admin_users
2025-07-24 20:24:05,113 - aiogram.event - INFO - Update id=885342970 is handled. Duration 235 ms by bot id=7958736610
2025-07-24 20:24:06,236 - middlewares.logging - INFO - Callback from 665852999: users_list_0
2025-07-24 20:24:06,601 - aiogram.event - INFO - Update id=885342971 is handled. Duration 375 ms by bot id=7958736610
2025-07-24 20:24:08,926 - middlewares.logging - INFO - Callback from 665852999: admin_users
2025-07-24 20:24:09,181 - aiogram.event - INFO - Update id=885342972 is handled. Duration 266 ms by bot id=7958736610
2025-07-24 20:24:10,647 - middlewares.logging - INFO - Callback from 665852999: admin_back
2025-07-24 20:24:10,837 - aiogram.event - INFO - Update id=885342973 is handled. Duration 203 ms by bot id=7958736610
2025-07-24 20:24:14,162 - middlewares.logging - INFO - Callback from 665852999: admin_users
2025-07-24 20:24:14,348 - aiogram.event - INFO - Update id=885342974 is handled. Duration 203 ms by bot id=7958736610
2025-07-24 20:24:16,556 - middlewares.logging - INFO - Callback from 665852999: admin_back
2025-07-24 20:24:16,803 - aiogram.event - INFO - Update id=885342975 is handled. Duration 250 ms by bot id=7958736610
2025-07-24 20:27:46,260 - middlewares.logging - INFO - Callback from 665852999: admin_broadcast
2025-07-24 20:27:46,510 - aiogram.event - INFO - Update id=885342976 is handled. Duration 250 ms by bot id=7958736610
2025-07-24 20:27:50,241 - middlewares.logging - INFO - Callback from 665852999: broadcast_ads
2025-07-24 20:27:50,428 - aiogram.event - INFO - Update id=885342977 is handled. Duration 203 ms by bot id=7958736610
2025-07-24 20:27:52,399 - middlewares.logging - INFO - Callback from 665852999: ad_stats
2025-07-24 20:27:52,577 - aiogram.event - INFO - Update id=885342978 is handled. Duration 203 ms by bot id=7958736610
2025-07-24 20:27:53,834 - middlewares.logging - INFO - Callback from 665852999: broadcast_ads
2025-07-24 20:27:54,055 - aiogram.event - INFO - Update id=885342979 is handled. Duration 234 ms by bot id=7958736610
2025-07-24 20:27:55,089 - middlewares.logging - INFO - Callback from 665852999: create_ad
2025-07-24 20:27:55,272 - aiogram.event - INFO - Update id=885342980 is handled. Duration 187 ms by bot id=7958736610
2025-07-24 20:28:13,541 - aiogram.dispatcher - INFO - Polling stopped
2025-07-24 20:28:13,543 - aiogram.dispatcher - ERROR - Failed to fetch updates - TelegramNetworkError: HTTP Client says - ServerDisconnectedError: Server disconnected
2025-07-24 20:28:13,544 - aiogram.dispatcher - WARNING - Sleep for 1.000000 seconds and try again... (tryings = 0, bot id = 7958736610)
2025-07-24 20:28:13,808 - aiogram.dispatcher - INFO - Polling stopped for bot @AnonymateLove_bot id=7958736610 - 'Anonymate'
2025-07-24 20:28:13,811 - __main__ - INFO - Бот остановлен пользователем
2025-07-24 20:28:35,083 - __main__ - INFO - Tortoise-ORM инициализирована
2025-07-24 20:28:35,586 - __main__ - INFO - Обработчики и middleware зарегистрированы
2025-07-24 20:28:36,646 - utils.commands - INFO - Команды бота успешно установлены
2025-07-24 20:28:36,646 - __main__ - INFO - Бот запущен
2025-07-24 20:28:36,647 - aiogram.dispatcher - INFO - Start polling
2025-07-24 20:28:36,805 - aiogram.dispatcher - INFO - Run polling for bot @AnonymateLove_bot id=7958736610 - 'Anonymate'
2025-07-24 20:28:38,133 - aiogram.event - INFO - Update id=885342981 is handled. Duration 1094 ms by bot id=7958736610
2025-07-24 20:28:39,398 - middlewares.logging - INFO - Callback from 665852999: ask_chat
2025-07-24 20:28:39,399 - dating_bot - DEBUG - [AI_ASSISTANT] AI-ассистент отвечает на вопрос: Давай просто поболтаем!...
2025-07-24 20:28:39,400 - dating_bot - DEBUG - [AI_ERROR] Общая ошибка AI-ассистента: module 'g4f.Provider' has no attribute 'DeepAi'
2025-07-24 20:28:39,643 - aiogram.event - INFO - Update id=885342982 is handled. Duration 265 ms by bot id=7958736610
2025-07-24 20:28:43,319 - aiogram.event - INFO - Update id=885342983 is not handled. Duration 0 ms by bot id=7958736610
2025-07-24 20:28:56,361 - aiogram.event - INFO - Update id=885342984 is not handled. Duration 15 ms by bot id=7958736610
2025-07-24 20:29:00,144 - middlewares.logging - INFO - Callback from 665852999: continue_chat
2025-07-24 20:29:00,355 - aiogram.event - INFO - Update id=885342985 is handled. Duration 235 ms by bot id=7958736610
2025-07-24 20:29:04,057 - middlewares.logging - INFO - Message from 665852999: Привет
2025-07-24 20:29:04,058 - dating_bot - DEBUG - [AI_ASSISTANT] AI-ассистент отвечает на вопрос: Привет...
2025-07-24 20:29:04,059 - dating_bot - DEBUG - [AI_ERROR] Общая ошибка AI-ассистента: module 'g4f.Provider' has no attribute 'DeepAi'
2025-07-24 20:29:04,244 - aiogram.event - INFO - Update id=885342986 is handled. Duration 187 ms by bot id=7958736610
2025-07-24 20:29:15,199 - middlewares.logging - INFO - Message from 665852999: Хорошее а у тебя?
2025-07-24 20:29:15,201 - dating_bot - DEBUG - [AI_ASSISTANT] AI-ассистент отвечает на вопрос: Хорошее а у тебя?...
2025-07-24 20:29:15,202 - dating_bot - DEBUG - [AI_ERROR] Общая ошибка AI-ассистента: module 'g4f.Provider' has no attribute 'DeepAi'
2025-07-24 20:29:15,512 - aiogram.event - INFO - Update id=885342987 is handled. Duration 311 ms by bot id=7958736610
2025-07-24 20:29:23,718 - middlewares.logging - INFO - Message from 665852999: Расскажи как работает данный бот
2025-07-24 20:29:23,720 - dating_bot - DEBUG - [AI_ASSISTANT] AI-ассистент отвечает на вопрос: Расскажи как работает данный бот...
2025-07-24 20:29:23,720 - dating_bot - DEBUG - [AI_ERROR] Общая ошибка AI-ассистента: module 'g4f.Provider' has no attribute 'DeepAi'
2025-07-24 20:29:24,044 - aiogram.event - INFO - Update id=885342988 is handled. Duration 344 ms by bot id=7958736610
2025-07-24 20:29:37,386 - middlewares.logging - INFO - Message from 665852999: /stop
2025-07-24 20:29:37,584 - aiogram.event - INFO - Update id=885342989 is handled. Duration 203 ms by bot id=7958736610
2025-07-24 20:29:43,161 - aiogram.event - INFO - Update id=885342990 is handled. Duration 280 ms by bot id=7958736610
2025-07-24 20:29:46,708 - middlewares.logging - INFO - Callback from 665852999: ask_chat
2025-07-24 20:29:46,710 - dating_bot - DEBUG - [AI_ASSISTANT] AI-ассистент отвечает на вопрос: Давай просто поболтаем!...
2025-07-24 20:29:46,712 - dating_bot - DEBUG - [AI_ERROR] Общая ошибка AI-ассистента: module 'g4f.Provider' has no attribute 'DeepAi'
2025-07-24 20:29:46,960 - aiogram.event - INFO - Update id=885342991 is handled. Duration 264 ms by bot id=7958736610
2025-07-24 20:29:48,084 - middlewares.logging - INFO - Callback from 665852999: ask_another
2025-07-24 20:29:48,086 - dating_bot - DEBUG - [AI_ASSISTANT] AI-ассистент отвечает на вопрос: Расскажи о боте...
2025-07-24 20:29:48,087 - dating_bot - DEBUG - [AI_ERROR] Общая ошибка AI-ассистента: module 'g4f.Provider' has no attribute 'DeepAi'
2025-07-24 20:29:48,310 - aiogram.event - INFO - Update id=885342992 is handled. Duration 250 ms by bot id=7958736610
2025-07-24 20:30:36,359 - aiogram.dispatcher - INFO - Polling stopped
2025-07-24 20:30:36,361 - aiogram.dispatcher - ERROR - Failed to fetch updates - TelegramNetworkError: HTTP Client says - ServerDisconnectedError: Server disconnected
2025-07-24 20:30:36,362 - aiogram.dispatcher - WARNING - Sleep for 1.000000 seconds and try again... (tryings = 0, bot id = 7958736610)
2025-07-24 20:30:36,625 - aiogram.dispatcher - INFO - Polling stopped for bot @AnonymateLove_bot id=7958736610 - 'Anonymate'
2025-07-24 20:30:36,628 - __main__ - INFO - Бот остановлен пользователем
2025-07-24 20:31:10,801 - __main__ - INFO - Tortoise-ORM инициализирована
2025-07-24 20:31:11,395 - __main__ - INFO - Обработчики и middleware зарегистрированы
2025-07-24 20:31:12,453 - utils.commands - INFO - Команды бота успешно установлены
2025-07-24 20:31:12,454 - __main__ - INFO - Бот запущен
2025-07-24 20:31:12,454 - aiogram.dispatcher - INFO - Start polling
2025-07-24 20:31:12,673 - aiogram.dispatcher - INFO - Run polling for bot @AnonymateLove_bot id=7958736610 - 'Anonymate'
2025-07-24 20:31:13,004 - middlewares.logging - INFO - Callback from 665852999: close_assistant
2025-07-24 20:31:13,729 - aiogram.event - INFO - Update id=885342993 is handled. Duration 750 ms by bot id=7958736610
2025-07-24 20:31:17,082 - middlewares.logging - INFO - Message from 665852999: Найти собеседника
2025-07-24 20:31:17,935 - aiogram.event - INFO - Update id=885342994 is handled. Duration 860 ms by bot id=7958736610
2025-07-24 20:31:19,070 - middlewares.logging - INFO - Callback from 665852999: cancel_search
2025-07-24 20:31:19,398 - aiogram.event - INFO - Update id=885342995 is handled. Duration 327 ms by bot id=7958736610
2025-07-24 20:31:22,096 - aiogram.event - INFO - Update id=885342996 is not handled. Duration 15 ms by bot id=7958736610
2025-07-24 20:31:26,050 - middlewares.logging - INFO - Message from 665852999: /admin
2025-07-24 20:31:26,309 - aiogram.event - INFO - Update id=885342997 is handled. Duration 282 ms by bot id=7958736610
2025-07-24 20:31:31,359 - middlewares.logging - INFO - Callback from 665852999: admin_broadcast
2025-07-24 20:31:31,523 - aiogram.event - INFO - Update id=885342998 is handled. Duration 171 ms by bot id=7958736610
2025-07-24 20:31:33,450 - middlewares.logging - INFO - Callback from 665852999: broadcast_ads
2025-07-24 20:31:33,678 - aiogram.event - INFO - Update id=885342999 is handled. Duration 234 ms by bot id=7958736610
2025-07-24 20:31:34,907 - middlewares.logging - INFO - Callback from 665852999: create_ad
2025-07-24 20:31:35,133 - aiogram.event - INFO - Update id=885343000 is handled. Duration 234 ms by bot id=7958736610
2025-07-24 20:31:39,037 - middlewares.logging - INFO - Message from 665852999: Test
2025-07-24 20:31:39,354 - aiogram.event - INFO - Update id=885343001 is handled. Duration 313 ms by bot id=7958736610
2025-07-24 20:31:41,125 - middlewares.logging - INFO - Callback from 665852999: ad_settings
2025-07-24 20:31:41,326 - aiogram.event - INFO - Update id=885343002 is handled. Duration 234 ms by bot id=7958736610
2025-07-24 20:31:51,712 - middlewares.logging - INFO - Message from 665852999: /admin
2025-07-24 20:31:51,902 - aiogram.event - INFO - Update id=885343003 is handled. Duration 202 ms by bot id=7958736610
2025-07-24 20:31:53,409 - middlewares.logging - INFO - Callback from 665852999: admin_users
2025-07-24 20:31:53,608 - aiogram.event - INFO - Update id=885343004 is handled. Duration 219 ms by bot id=7958736610
2025-07-24 20:31:55,462 - middlewares.logging - INFO - Callback from 665852999: users_list_0
2025-07-24 20:31:55,729 - aiogram.event - INFO - Update id=885343005 is handled. Duration 280 ms by bot id=7958736610
2025-07-24 20:31:58,000 - middlewares.logging - INFO - Callback from 665852999: users_list_1
2025-07-24 20:31:58,185 - aiogram.event - INFO - Update id=885343006 is handled. Duration 203 ms by bot id=7958736610
2025-07-24 20:31:59,662 - middlewares.logging - INFO - Callback from 665852999: user_8393148181
2025-07-24 20:31:59,944 - aiogram.event - INFO - Update id=885343007 is handled. Duration 297 ms by bot id=7958736610
2025-07-24 20:32:02,727 - middlewares.logging - INFO - Callback from 665852999: user_actions_8393148181
2025-07-24 20:32:02,892 - aiogram.event - INFO - Update id=885343008 is handled. Duration 187 ms by bot id=7958736610
2025-07-24 20:32:04,311 - middlewares.logging - INFO - Callback from 665852999: premium_8393148181
2025-07-24 20:32:04,897 - aiogram.event - INFO - Update id=885343009 is handled. Duration 593 ms by bot id=7958736610
2025-07-24 20:33:00,206 - middlewares.logging - INFO - Callback from 665852999: user_actions_8393148181
2025-07-24 20:33:00,382 - aiogram.event - INFO - Update id=885343010 is handled. Duration 186 ms by bot id=7958736610
2025-07-24 20:33:01,610 - middlewares.logging - INFO - Callback from 665852999: unpremium_8393148181
2025-07-24 20:33:02,296 - aiogram.event - INFO - Update id=885343011 is handled. Duration 703 ms by bot id=7958736610
2025-07-24 20:33:05,988 - middlewares.logging - INFO - Callback from 665852999: user_actions_8393148181
2025-07-24 20:33:06,243 - aiogram.event - INFO - Update id=885343012 is handled. Duration 265 ms by bot id=7958736610
2025-07-24 20:33:08,256 - middlewares.logging - INFO - Callback from 665852999: ban_8393148181_1h
2025-07-24 20:33:08,940 - aiogram.event - INFO - Update id=885343013 is handled. Duration 703 ms by bot id=7958736610
2025-07-24 20:33:14,093 - middlewares.logging - INFO - Callback from 665852999: user_actions_8393148181
2025-07-24 20:33:14,295 - aiogram.event - INFO - Update id=885343014 is handled. Duration 219 ms by bot id=7958736610
2025-07-24 20:33:15,611 - middlewares.logging - INFO - Callback from 665852999: unban_8393148181
2025-07-24 20:33:16,161 - aiogram.event - INFO - Update id=885343015 is handled. Duration 561 ms by bot id=7958736610
2025-07-24 20:33:17,412 - middlewares.logging - INFO - Callback from 665852999: user_actions_8393148181
2025-07-24 20:33:17,594 - aiogram.event - INFO - Update id=885343016 is handled. Duration 203 ms by bot id=7958736610
2025-07-24 20:33:18,773 - middlewares.logging - INFO - Callback from 665852999: rating_8393148181_+50
2025-07-24 20:33:19,414 - aiogram.event - INFO - Update id=885343017 is handled. Duration 655 ms by bot id=7958736610
2025-07-24 20:33:22,134 - middlewares.logging - INFO - Callback from 665852999: user_actions_8393148181
2025-07-24 20:33:22,377 - aiogram.event - INFO - Update id=885343018 is handled. Duration 264 ms by bot id=7958736610
2025-07-24 20:33:24,215 - middlewares.logging - INFO - Callback from 665852999: rating_8393148181_+50
2025-07-24 20:33:26,906 - middlewares.logging - INFO - Callback from 665852999: user_8393148181
2025-07-24 20:33:27,618 - aiogram.event - INFO - Update id=885343019 is handled. Duration 3406 ms by bot id=7958736610
2025-07-24 20:33:29,182 - middlewares.logging - INFO - Callback from 665852999: users_list_0
2025-07-24 20:33:29,375 - aiogram.event - INFO - Update id=885343021 is handled. Duration 219 ms by bot id=7958736610
2025-07-24 20:33:31,680 - aiogram.event - INFO - Update id=885343020 is handled. Duration 4781 ms by bot id=7958736610
2025-07-24 20:33:33,394 - middlewares.logging - INFO - Callback from 665852999: users_list_0
2025-07-24 20:33:33,585 - aiogram.event - INFO - Update id=885343022 is handled. Duration 203 ms by bot id=7958736610
2025-07-24 20:33:36,056 - middlewares.logging - INFO - Callback from 665852999: admin_users
2025-07-24 20:33:36,240 - aiogram.event - INFO - Update id=885343023 is handled. Duration 187 ms by bot id=7958736610
2025-07-24 20:33:38,929 - middlewares.logging - INFO - Callback from 665852999: admin_top_rating
2025-07-24 20:33:39,126 - aiogram.event - INFO - Update id=885343024 is handled. Duration 219 ms by bot id=7958736610
2025-07-24 20:33:40,373 - middlewares.logging - INFO - Callback from 665852999: admin_users
2025-07-24 20:33:40,531 - aiogram.event - INFO - Update id=885343025 is handled. Duration 170 ms by bot id=7958736610
2025-07-24 20:33:41,852 - middlewares.logging - INFO - Callback from 665852999: admin_problem_users
2025-07-24 20:33:42,382 - aiogram.event - INFO - Update id=885343026 is handled. Duration 530 ms by bot id=7958736610
2025-07-24 20:33:43,473 - middlewares.logging - INFO - Callback from 665852999: admin_users
2025-07-24 20:33:43,709 - aiogram.event - INFO - Update id=885343027 is handled. Duration 250 ms by bot id=7958736610
2025-07-24 20:33:45,455 - middlewares.logging - INFO - Callback from 665852999: users_list_0
2025-07-24 20:33:45,662 - aiogram.event - INFO - Update id=885343028 is handled. Duration 217 ms by bot id=7958736610
2025-07-24 20:33:47,465 - middlewares.logging - INFO - Callback from 665852999: users_list_1
2025-07-24 20:33:47,660 - aiogram.event - INFO - Update id=885343029 is handled. Duration 217 ms by bot id=7958736610
2025-07-24 20:33:48,919 - middlewares.logging - INFO - Callback from 665852999: user_1975253718
2025-07-24 20:33:49,256 - aiogram.event - INFO - Update id=885343030 is handled. Duration 344 ms by bot id=7958736610
2025-07-24 20:33:50,628 - middlewares.logging - INFO - Callback from 665852999: user_actions_1975253718
2025-07-24 20:33:50,823 - aiogram.event - INFO - Update id=885343031 is handled. Duration 218 ms by bot id=7958736610
2025-07-24 20:33:52,332 - middlewares.logging - INFO - Callback from 665852999: rating_1975253718_+50
2025-07-24 20:33:53,770 - aiogram.event - INFO - Update id=885343032 is handled. Duration 1452 ms by bot id=7958736610
2025-07-24 20:33:55,645 - middlewares.logging - INFO - Callback from 665852999: user_actions_1975253718
2025-07-24 20:33:56,185 - aiogram.event - INFO - Update id=885343033 is handled. Duration 563 ms by bot id=7958736610
2025-07-24 20:33:57,570 - middlewares.logging - INFO - Callback from 665852999: premium_1975253718
2025-07-24 20:33:58,151 - aiogram.event - INFO - Update id=885343034 is handled. Duration 593 ms by bot id=7958736610
2025-07-24 20:34:01,107 - middlewares.logging - INFO - Callback from 665852999: users_list_0
2025-07-24 20:34:01,318 - aiogram.event - INFO - Update id=885343035 is handled. Duration 235 ms by bot id=7958736610
2025-07-24 20:34:02,806 - middlewares.logging - INFO - Callback from 665852999: users_list_1
2025-07-24 20:34:02,964 - aiogram.event - INFO - Update id=885343036 is handled. Duration 188 ms by bot id=7958736610
2025-07-24 20:34:04,725 - middlewares.logging - INFO - Callback from 665852999: user_614926819
2025-07-24 20:34:04,899 - aiogram.event - INFO - Update id=885343037 is handled. Duration 187 ms by bot id=7958736610
2025-07-24 20:34:07,056 - middlewares.logging - INFO - Callback from 665852999: user_actions_614926819
2025-07-24 20:34:07,243 - aiogram.event - INFO - Update id=885343038 is handled. Duration 204 ms by bot id=7958736610
2025-07-24 20:34:11,745 - middlewares.logging - INFO - Callback from 665852999: rating_614926819_+50
2025-07-24 20:34:12,573 - aiogram.event - INFO - Update id=885343039 is handled. Duration 844 ms by bot id=7958736610
2025-07-24 20:34:13,687 - middlewares.logging - INFO - Callback from 665852999: users_list_0
2025-07-24 20:34:13,900 - aiogram.event - INFO - Update id=885343040 is handled. Duration 218 ms by bot id=7958736610
2025-07-24 20:34:15,367 - middlewares.logging - INFO - Callback from 665852999: admin_users
2025-07-24 20:34:15,655 - aiogram.event - INFO - Update id=885343041 is handled. Duration 311 ms by bot id=7958736610
2025-07-24 20:34:17,405 - middlewares.logging - INFO - Callback from 665852999: admin_back
2025-07-24 20:34:17,665 - aiogram.event - INFO - Update id=885343042 is handled. Duration 264 ms by bot id=7958736610
2025-07-24 20:34:18,781 - middlewares.logging - INFO - Callback from 665852999: admin_broadcast
2025-07-24 20:34:19,016 - aiogram.event - INFO - Update id=885343043 is handled. Duration 250 ms by bot id=7958736610
2025-07-24 20:34:20,350 - middlewares.logging - INFO - Callback from 665852999: broadcast_ads
2025-07-24 20:34:20,540 - aiogram.event - INFO - Update id=885343044 is handled. Duration 202 ms by bot id=7958736610
2025-07-24 20:34:21,868 - middlewares.logging - INFO - Callback from 665852999: create_ad
2025-07-24 20:34:22,072 - aiogram.event - INFO - Update id=885343045 is handled. Duration 219 ms by bot id=7958736610
2025-07-24 20:34:33,112 - aiogram.dispatcher - INFO - Polling stopped
2025-07-24 20:34:33,115 - aiogram.dispatcher - ERROR - Failed to fetch updates - TelegramNetworkError: HTTP Client says - ServerDisconnectedError: Server disconnected
2025-07-24 20:34:33,117 - aiogram.dispatcher - WARNING - Sleep for 1.000000 seconds and try again... (tryings = 0, bot id = 7958736610)
2025-07-24 20:34:33,381 - aiogram.dispatcher - INFO - Polling stopped for bot @AnonymateLove_bot id=7958736610 - 'Anonymate'
2025-07-24 20:34:33,384 - __main__ - INFO - Бот остановлен пользователем
2025-07-24 20:41:54,304 - __main__ - INFO - Tortoise-ORM инициализирована
2025-07-24 20:41:54,874 - __main__ - INFO - Обработчики и middleware зарегистрированы
2025-07-24 20:41:55,886 - utils.commands - INFO - Команды бота успешно установлены
2025-07-24 20:41:55,886 - __main__ - INFO - Бот запущен
2025-07-24 20:41:55,887 - aiogram.dispatcher - INFO - Start polling
2025-07-24 20:41:56,051 - aiogram.dispatcher - INFO - Run polling for bot @AnonymateLove_bot id=7958736610 - 'Anonymate'
2025-07-24 20:41:56,305 - middlewares.logging - INFO - Message from 665852999: /admin
2025-07-24 20:41:57,450 - aiogram.event - INFO - Update id=885343046 is handled. Duration 1187 ms by bot id=7958736610
2025-07-24 20:41:58,592 - middlewares.logging - INFO - Callback from 665852999: admin_broadcast
2025-07-24 20:41:58,908 - aiogram.event - INFO - Update id=885343047 is handled. Duration 327 ms by bot id=7958736610
2025-07-24 20:41:59,896 - middlewares.logging - INFO - Callback from 665852999: broadcast_ads
2025-07-24 20:42:00,307 - aiogram.event - INFO - Update id=885343048 is handled. Duration 422 ms by bot id=7958736610
2025-07-24 20:42:04,234 - aiogram.dispatcher - INFO - Polling stopped
2025-07-24 20:42:04,237 - aiogram.dispatcher - ERROR - Failed to fetch updates - TelegramNetworkError: HTTP Client says - ServerDisconnectedError: Server disconnected
2025-07-24 20:42:04,237 - aiogram.dispatcher - WARNING - Sleep for 1.000000 seconds and try again... (tryings = 0, bot id = 7958736610)
2025-07-24 20:42:04,492 - aiogram.dispatcher - INFO - Polling stopped for bot @AnonymateLove_bot id=7958736610 - 'Anonymate'
2025-07-24 20:42:04,495 - __main__ - INFO - Бот остановлен пользователем
2025-07-24 20:43:48,755 - __main__ - INFO - Tortoise-ORM инициализирована
2025-07-24 20:43:49,317 - __main__ - INFO - Обработчики и middleware зарегистрированы
2025-07-24 20:43:50,002 - utils.commands - INFO - Команды бота успешно установлены
2025-07-24 20:43:50,003 - __main__ - INFO - Бот запущен
2025-07-24 20:43:50,003 - aiogram.dispatcher - INFO - Start polling
2025-07-24 20:43:50,152 - aiogram.dispatcher - INFO - Run polling for bot @AnonymateLove_bot id=7958736610 - 'Anonymate'
2025-07-24 20:43:50,458 - middlewares.logging - INFO - Callback from 665852999: admin_broadcast
2025-07-24 20:43:51,194 - aiogram.event - INFO - Update id=885343049 is handled. Duration 765 ms by bot id=7958736610
2025-07-24 20:43:55,316 - aiogram.event - INFO - Update id=885343050 is not handled. Duration 15 ms by bot id=7958736610
2025-07-24 20:44:04,807 - middlewares.logging - INFO - Callback from 665852999: admin_back
2025-07-24 20:44:04,971 - aiogram.event - INFO - Update id=885343051 is handled. Duration 171 ms by bot id=7958736610
2025-07-24 20:44:06,135 - middlewares.logging - INFO - Callback from 665852999: admin_broadcast
2025-07-24 20:44:06,342 - aiogram.event - INFO - Update id=885343052 is handled. Duration 219 ms by bot id=7958736610
2025-07-24 20:44:07,292 - aiogram.event - INFO - Update id=885343053 is not handled. Duration 31 ms by bot id=7958736610
2025-07-24 20:44:12,311 - middlewares.logging - INFO - Callback from 665852999: admin_back
2025-07-24 20:44:12,477 - aiogram.event - INFO - Update id=885343054 is handled. Duration 171 ms by bot id=7958736610
2025-07-24 20:44:14,400 - middlewares.logging - INFO - Callback from 665852999: admin_moderation
2025-07-24 20:44:14,573 - aiogram.event - INFO - Update id=885343055 is handled. Duration 172 ms by bot id=7958736610
2025-07-24 20:44:15,610 - middlewares.logging - INFO - Callback from 665852999: admin_back
2025-07-24 20:44:15,821 - aiogram.event - INFO - Update id=885343056 is handled. Duration 219 ms by bot id=7958736610
2025-07-24 20:44:16,880 - middlewares.logging - INFO - Callback from 665852999: admin_users
2025-07-24 20:44:17,092 - aiogram.event - INFO - Update id=885343057 is handled. Duration 234 ms by bot id=7958736610
2025-07-24 20:44:18,707 - middlewares.logging - INFO - Callback from 665852999: users_list_0
2025-07-24 20:44:18,897 - aiogram.event - INFO - Update id=885343058 is handled. Duration 202 ms by bot id=7958736610
2025-07-24 20:44:20,793 - middlewares.logging - INFO - Callback from 665852999: user_665852999
2025-07-24 20:44:20,996 - aiogram.event - INFO - Update id=885343059 is handled. Duration 219 ms by bot id=7958736610
2025-07-24 20:44:22,531 - middlewares.logging - INFO - Callback from 665852999: user_actions_665852999
2025-07-24 20:44:22,717 - aiogram.event - INFO - Update id=885343060 is handled. Duration 203 ms by bot id=7958736610
2025-07-24 20:44:24,092 - middlewares.logging - INFO - Callback from 665852999: unpremium_665852999
2025-07-24 20:44:24,724 - aiogram.event - INFO - Update id=885343061 is handled. Duration 640 ms by bot id=7958736610
2025-07-24 20:44:26,453 - middlewares.logging - INFO - Callback from 665852999: user_actions_665852999
2025-07-24 20:44:26,662 - aiogram.event - INFO - Update id=885343062 is handled. Duration 217 ms by bot id=7958736610
2025-07-24 20:44:27,759 - middlewares.logging - INFO - Callback from 665852999: premium_665852999
2025-07-24 20:44:28,503 - aiogram.event - INFO - Update id=885343063 is handled. Duration 764 ms by bot id=7958736610
2025-07-24 20:44:30,507 - middlewares.logging - INFO - Callback from 665852999: user_actions_665852999
2025-07-24 20:44:30,798 - aiogram.event - INFO - Update id=885343064 is handled. Duration 312 ms by bot id=7958736610
2025-07-24 20:44:34,336 - middlewares.logging - INFO - Callback from 665852999: ban_665852999_1h
2025-07-24 20:44:34,900 - aiogram.event - INFO - Update id=885343065 is handled. Duration 577 ms by bot id=7958736610
2025-07-24 20:44:36,936 - aiogram.event - INFO - Update id=885343066 is handled. Duration 15 ms by bot id=7958736610
2025-07-24 20:44:56,376 - aiogram.dispatcher - INFO - Polling stopped
2025-07-24 20:44:56,379 - aiogram.dispatcher - ERROR - Failed to fetch updates - TelegramNetworkError: HTTP Client says - ServerDisconnectedError: Server disconnected
2025-07-24 20:44:56,380 - aiogram.dispatcher - WARNING - Sleep for 1.000000 seconds and try again... (tryings = 0, bot id = 7958736610)
2025-07-24 20:44:56,645 - aiogram.dispatcher - INFO - Polling stopped for bot @AnonymateLove_bot id=7958736610 - 'Anonymate'
2025-07-24 20:44:56,648 - __main__ - INFO - Бот остановлен пользователем
2025-07-24 20:45:36,922 - __main__ - INFO - Tortoise-ORM инициализирована
2025-07-24 20:45:37,436 - __main__ - INFO - Обработчики и middleware зарегистрированы
2025-07-24 20:45:38,234 - utils.commands - INFO - Команды бота успешно установлены
2025-07-24 20:45:38,235 - __main__ - INFO - Бот запущен
2025-07-24 20:45:38,236 - aiogram.dispatcher - INFO - Start polling
2025-07-24 20:45:38,417 - aiogram.dispatcher - INFO - Run polling for bot @AnonymateLove_bot id=7958736610 - 'Anonymate'
2025-07-24 20:45:45,488 - middlewares.logging - INFO - Message from 665852999: /admin
2025-07-24 20:45:47,910 - aiogram.event - INFO - Update id=885343067 is handled. Duration 2452 ms by bot id=7958736610
2025-07-24 20:45:49,167 - middlewares.logging - INFO - Callback from 665852999: admin_broadcast
2025-07-24 20:45:49,379 - aiogram.event - INFO - Update id=885343068 is handled. Duration 219 ms by bot id=7958736610
2025-07-24 20:45:50,476 - middlewares.logging - INFO - Callback from 665852999: broadcast_ads
2025-07-24 20:45:50,667 - aiogram.event - INFO - Update id=885343069 is handled. Duration 202 ms by bot id=7958736610
2025-07-24 20:45:52,457 - middlewares.logging - INFO - Callback from 665852999: ads_list
2025-07-24 20:45:53,044 - aiogram.event - INFO - Update id=885343070 is handled. Duration 609 ms by bot id=7958736610
2025-07-24 20:45:54,235 - middlewares.logging - INFO - Callback from 665852999: broadcast_ads
2025-07-24 20:45:54,506 - aiogram.event - INFO - Update id=885343071 is handled. Duration 280 ms by bot id=7958736610
2025-07-24 20:45:56,301 - middlewares.logging - INFO - Callback from 665852999: create_ad_new
2025-07-24 20:45:56,624 - aiogram.event - INFO - Update id=885343072 is handled. Duration 344 ms by bot id=7958736610
2025-07-24 20:46:10,435 - middlewares.logging - INFO - Message from 665852999: Тестирование рекламной системы
2025-07-24 20:46:10,616 - aiogram.event - INFO - Update id=885343073 is handled. Duration 187 ms by bot id=7958736610
2025-07-24 20:46:16,496 - middlewares.logging - INFO - Message from 665852999: Проверка рекламы
2025-07-24 20:46:16,666 - aiogram.event - INFO - Update id=885343074 is handled. Duration 170 ms by bot id=7958736610
2025-07-24 20:46:20,392 - middlewares.logging - INFO - Callback from 665852999: set_audience
2025-07-24 20:46:20,598 - aiogram.event - INFO - Update id=885343075 is handled. Duration 219 ms by bot id=7958736610
2025-07-24 20:46:24,237 - middlewares.logging - INFO - Callback from 665852999: audience_premium
2025-07-24 20:46:24,449 - aiogram.event - INFO - Update id=885343076 is handled. Duration 234 ms by bot id=7958736610
2025-07-24 20:46:27,787 - middlewares.logging - INFO - Callback from 665852999: set_frequency
2025-07-24 20:46:27,953 - aiogram.event - INFO - Update id=885343077 is handled. Duration 187 ms by bot id=7958736610
2025-07-24 20:46:30,081 - middlewares.logging - INFO - Callback from 665852999: freq_1
2025-07-24 20:46:30,277 - aiogram.event - INFO - Update id=885343078 is handled. Duration 217 ms by bot id=7958736610
2025-07-24 20:46:31,479 - middlewares.logging - INFO - Callback from 665852999: set_rounds
2025-07-24 20:46:31,683 - aiogram.event - INFO - Update id=885343079 is handled. Duration 235 ms by bot id=7958736610
2025-07-24 20:46:34,142 - middlewares.logging - INFO - Callback from 665852999: rounds_4
2025-07-24 20:46:34,447 - aiogram.event - INFO - Update id=885343080 is handled. Duration 313 ms by bot id=7958736610
2025-07-24 20:46:37,924 - aiogram.event - INFO - Update id=885343081 is not handled. Duration 16 ms by bot id=7958736610
2025-07-24 20:49:35,142 - middlewares.logging - INFO - Callback from 665852999: save_ad
2025-07-24 20:49:35,418 - aiogram.event - INFO - Update id=885343082 is handled. Duration 312 ms by bot id=7958736610
2025-07-24 20:49:38,621 - middlewares.logging - INFO - Callback from 665852999: back_settings
2025-07-24 20:49:38,622 - aiogram.event - INFO - Update id=885343083 is not handled. Duration 30 ms by bot id=7958736610
2025-07-24 20:49:38,622 - aiogram.event - ERROR - Cause exception while process update id=885343083 by bot id=7958736610
KeyError: 'ad_data'
Traceback (most recent call last):
  File "C:\Users\щ\Documents\dating-bot\.venv\Lib\site-packages\aiogram\dispatcher\dispatcher.py", line 309, in _process_update
    response = await self.feed_update(bot, update, **kwargs)
               ^^^^^^^^^^^^^^^^^^^^^^^^^^^^^^^^^^^^^^^^^^^^^
  File "C:\Users\щ\Documents\dating-bot\.venv\Lib\site-packages\aiogram\dispatcher\dispatcher.py", line 158, in feed_update
    response = await self.update.wrap_outer_middleware(
               ^^^^^^^^^^^^^^^^^^^^^^^^^^^^^^^^^^^^^^^^
  File "C:\Users\щ\Documents\dating-bot\.venv\Lib\site-packages\aiogram\dispatcher\middlewares\error.py", line 25, in __call__
    return await handler(event, data)
           ^^^^^^^^^^^^^^^^^^^^^^^^^^
  File "C:\Users\щ\Documents\dating-bot\.venv\Lib\site-packages\aiogram\dispatcher\middlewares\user_context.py", line 56, in __call__
    return await handler(event, data)
           ^^^^^^^^^^^^^^^^^^^^^^^^^^
  File "C:\Users\щ\Documents\dating-bot\.venv\Lib\site-packages\aiogram\fsm\middleware.py", line 42, in __call__
    return await handler(event, data)
           ^^^^^^^^^^^^^^^^^^^^^^^^^^
  File "C:\Users\щ\Documents\dating-bot\.venv\Lib\site-packages\aiogram\dispatcher\event\telegram.py", line 121, in trigger
    return await wrapped_inner(event, kwargs)
           ^^^^^^^^^^^^^^^^^^^^^^^^^^^^^^^^^^
  File "C:\Users\щ\Documents\dating-bot\.venv\Lib\site-packages\aiogram\dispatcher\event\handler.py", line 43, in call
    return await wrapped()
           ^^^^^^^^^^^^^^^
  File "C:\Users\щ\Documents\dating-bot\.venv\Lib\site-packages\aiogram\dispatcher\dispatcher.py", line 276, in _listen_update
    return await self.propagate_event(update_type=update_type, event=event, **kwargs)
           ^^^^^^^^^^^^^^^^^^^^^^^^^^^^^^^^^^^^^^^^^^^^^^^^^^^^^^^^^^^^^^^^^^^^^^^^^^
  File "C:\Users\щ\Documents\dating-bot\.venv\Lib\site-packages\aiogram\dispatcher\router.py", line 146, in propagate_event
    return await observer.wrap_outer_middleware(_wrapped, event=event, data=kwargs)
           ^^^^^^^^^^^^^^^^^^^^^^^^^^^^^^^^^^^^^^^^^^^^^^^^^^^^^^^^^^^^^^^^^^^^^^^^
  File "C:\Users\щ\Documents\dating-bot\.venv\Lib\site-packages\aiogram\dispatcher\router.py", line 141, in _wrapped
    return await self._propagate_event(
           ^^^^^^^^^^^^^^^^^^^^^^^^^^^^
  File "C:\Users\щ\Documents\dating-bot\.venv\Lib\site-packages\aiogram\dispatcher\router.py", line 174, in _propagate_event
    response = await router.propagate_event(update_type=update_type, event=event, **kwargs)
               ^^^^^^^^^^^^^^^^^^^^^^^^^^^^^^^^^^^^^^^^^^^^^^^^^^^^^^^^^^^^^^^^^^^^^^^^^^^^
  File "C:\Users\щ\Documents\dating-bot\.venv\Lib\site-packages\aiogram\dispatcher\router.py", line 146, in propagate_event
    return await observer.wrap_outer_middleware(_wrapped, event=event, data=kwargs)
           ^^^^^^^^^^^^^^^^^^^^^^^^^^^^^^^^^^^^^^^^^^^^^^^^^^^^^^^^^^^^^^^^^^^^^^^^
  File "C:\Users\щ\Documents\dating-bot\.venv\Lib\site-packages\aiogram\dispatcher\router.py", line 141, in _wrapped
    return await self._propagate_event(
           ^^^^^^^^^^^^^^^^^^^^^^^^^^^^
  File "C:\Users\щ\Documents\dating-bot\.venv\Lib\site-packages\aiogram\dispatcher\router.py", line 166, in _propagate_event
    response = await observer.trigger(event, **kwargs)
               ^^^^^^^^^^^^^^^^^^^^^^^^^^^^^^^^^^^^^^^
  File "C:\Users\щ\Documents\dating-bot\.venv\Lib\site-packages\aiogram\dispatcher\event\telegram.py", line 121, in trigger
    return await wrapped_inner(event, kwargs)
           ^^^^^^^^^^^^^^^^^^^^^^^^^^^^^^^^^^
  File "C:\Users\щ\Documents\dating-bot\middlewares\auth.py", line 26, in __call__
    return await handler(event, data)
           ^^^^^^^^^^^^^^^^^^^^^^^^^^
  File "C:\Users\щ\Documents\dating-bot\middlewares\ban.py", line 27, in __call__
    return await handler(event, data)
           ^^^^^^^^^^^^^^^^^^^^^^^^^^
  File "C:\Users\щ\Documents\dating-bot\middlewares\notifications.py", line 107, in __call__
    return await handler(event, data)
           ^^^^^^^^^^^^^^^^^^^^^^^^^^
  File "C:\Users\щ\Documents\dating-bot\middlewares\logging.py", line 20, in __call__
    return await handler(event, data)
           ^^^^^^^^^^^^^^^^^^^^^^^^^^
  File "C:\Users\щ\Documents\dating-bot\.venv\Lib\site-packages\aiogram\dispatcher\event\handler.py", line 43, in call
    return await wrapped()
           ^^^^^^^^^^^^^^^
  File "C:\Users\щ\Documents\dating-bot\handlers\ad_manager.py", line 145, in back_to_settings
    freq = int(callback.data.split("_")[1])
  File "C:\Users\щ\Documents\dating-bot\handlers\ad_manager.py", line 56, in show_ad_settings
    ad = data["ad_data"]
         ~~~~^^^^^^^^^^^
KeyError: 'ad_data'
2025-07-24 20:50:09,669 - middlewares.logging - INFO - Message from 665852999: /admin
2025-07-24 20:50:09,870 - aiogram.event - INFO - Update id=885343084 is handled. Duration 219 ms by bot id=7958736610
2025-07-24 20:50:11,231 - middlewares.logging - INFO - Callback from 665852999: admin_broadcast
2025-07-24 20:50:11,484 - aiogram.event - INFO - Update id=885343085 is handled. Duration 265 ms by bot id=7958736610
2025-07-24 20:50:12,583 - middlewares.logging - INFO - Callback from 665852999: broadcast_ads
2025-07-24 20:50:12,765 - aiogram.event - INFO - Update id=885343086 is handled. Duration 202 ms by bot id=7958736610
2025-07-24 20:50:14,458 - middlewares.logging - INFO - Callback from 665852999: ads_analytics
2025-07-24 20:50:14,849 - aiogram.event - INFO - Update id=885343087 is handled. Duration 405 ms by bot id=7958736610
2025-07-24 20:50:18,970 - middlewares.logging - INFO - Callback from 665852999: broadcast_ads
2025-07-24 20:50:19,167 - aiogram.event - INFO - Update id=885343088 is handled. Duration 219 ms by bot id=7958736610
2025-07-24 20:50:20,495 - middlewares.logging - INFO - Callback from 665852999: ads_list
2025-07-24 20:50:20,670 - aiogram.event - INFO - Update id=885343089 is handled. Duration 203 ms by bot id=7958736610
2025-07-24 20:50:22,600 - middlewares.logging - INFO - Callback from 665852999: ad_view_1
2025-07-24 20:50:22,755 - aiogram.event - INFO - Update id=885343090 is handled. Duration 171 ms by bot id=7958736610
2025-07-24 20:50:27,081 - middlewares.logging - INFO - Callback from 665852999: send_ad_1
2025-07-24 20:50:35,177 - middlewares.logging - INFO - Callback from 665852999: edit_ad_1
2025-07-24 20:50:35,178 - aiogram.event - INFO - Update id=885343092 is not handled. Duration 0 ms by bot id=7958736610
2025-07-24 20:50:35,178 - aiogram.event - ERROR - Cause exception while process update id=885343092 by bot id=7958736610
KeyError: 'ad'
Traceback (most recent call last):
  File "C:\Users\щ\Documents\dating-bot\handlers\profile.py", line 100, in start_edit
    await callback.message.edit_text(f"Введите новое значение для '{fields[field]}':", reply_markup=None)
                                                                    ~~~~~~^^^^^^^
KeyError: 'ad'

During handling of the above exception, another exception occurred:

Traceback (most recent call last):
  File "C:\Users\щ\Documents\dating-bot\.venv\Lib\site-packages\aiogram\dispatcher\dispatcher.py", line 309, in _process_update
    response = await self.feed_update(bot, update, **kwargs)
               ^^^^^^^^^^^^^^^^^^^^^^^^^^^^^^^^^^^^^^^^^^^^^
  File "C:\Users\щ\Documents\dating-bot\.venv\Lib\site-packages\aiogram\dispatcher\dispatcher.py", line 158, in feed_update
    response = await self.update.wrap_outer_middleware(
               ^^^^^^^^^^^^^^^^^^^^^^^^^^^^^^^^^^^^^^^^
  File "C:\Users\щ\Documents\dating-bot\.venv\Lib\site-packages\aiogram\dispatcher\middlewares\error.py", line 25, in __call__
    return await handler(event, data)
           ^^^^^^^^^^^^^^^^^^^^^^^^^^
  File "C:\Users\щ\Documents\dating-bot\.venv\Lib\site-packages\aiogram\dispatcher\middlewares\user_context.py", line 56, in __call__
    return await handler(event, data)
           ^^^^^^^^^^^^^^^^^^^^^^^^^^
  File "C:\Users\щ\Documents\dating-bot\.venv\Lib\site-packages\aiogram\fsm\middleware.py", line 42, in __call__
    return await handler(event, data)
           ^^^^^^^^^^^^^^^^^^^^^^^^^^
  File "C:\Users\щ\Documents\dating-bot\.venv\Lib\site-packages\aiogram\dispatcher\event\telegram.py", line 121, in trigger
    return await wrapped_inner(event, kwargs)
           ^^^^^^^^^^^^^^^^^^^^^^^^^^^^^^^^^^
  File "C:\Users\щ\Documents\dating-bot\.venv\Lib\site-packages\aiogram\dispatcher\event\handler.py", line 43, in call
    return await wrapped()
           ^^^^^^^^^^^^^^^
  File "C:\Users\щ\Documents\dating-bot\.venv\Lib\site-packages\aiogram\dispatcher\dispatcher.py", line 276, in _listen_update
    return await self.propagate_event(update_type=update_type, event=event, **kwargs)
           ^^^^^^^^^^^^^^^^^^^^^^^^^^^^^^^^^^^^^^^^^^^^^^^^^^^^^^^^^^^^^^^^^^^^^^^^^^
  File "C:\Users\щ\Documents\dating-bot\.venv\Lib\site-packages\aiogram\dispatcher\router.py", line 146, in propagate_event
    return await observer.wrap_outer_middleware(_wrapped, event=event, data=kwargs)
           ^^^^^^^^^^^^^^^^^^^^^^^^^^^^^^^^^^^^^^^^^^^^^^^^^^^^^^^^^^^^^^^^^^^^^^^^
  File "C:\Users\щ\Documents\dating-bot\.venv\Lib\site-packages\aiogram\dispatcher\router.py", line 141, in _wrapped
    return await self._propagate_event(
           ^^^^^^^^^^^^^^^^^^^^^^^^^^^^
  File "C:\Users\щ\Documents\dating-bot\.venv\Lib\site-packages\aiogram\dispatcher\router.py", line 174, in _propagate_event
    response = await router.propagate_event(update_type=update_type, event=event, **kwargs)
               ^^^^^^^^^^^^^^^^^^^^^^^^^^^^^^^^^^^^^^^^^^^^^^^^^^^^^^^^^^^^^^^^^^^^^^^^^^^^
  File "C:\Users\щ\Documents\dating-bot\.venv\Lib\site-packages\aiogram\dispatcher\router.py", line 146, in propagate_event
    return await observer.wrap_outer_middleware(_wrapped, event=event, data=kwargs)
           ^^^^^^^^^^^^^^^^^^^^^^^^^^^^^^^^^^^^^^^^^^^^^^^^^^^^^^^^^^^^^^^^^^^^^^^^
  File "C:\Users\щ\Documents\dating-bot\.venv\Lib\site-packages\aiogram\dispatcher\router.py", line 141, in _wrapped
    return await self._propagate_event(
           ^^^^^^^^^^^^^^^^^^^^^^^^^^^^
  File "C:\Users\щ\Documents\dating-bot\.venv\Lib\site-packages\aiogram\dispatcher\router.py", line 166, in _propagate_event
    response = await observer.trigger(event, **kwargs)
               ^^^^^^^^^^^^^^^^^^^^^^^^^^^^^^^^^^^^^^^
  File "C:\Users\щ\Documents\dating-bot\.venv\Lib\site-packages\aiogram\dispatcher\event\telegram.py", line 121, in trigger
    return await wrapped_inner(event, kwargs)
           ^^^^^^^^^^^^^^^^^^^^^^^^^^^^^^^^^^
  File "C:\Users\щ\Documents\dating-bot\middlewares\auth.py", line 26, in __call__
    return await handler(event, data)
           ^^^^^^^^^^^^^^^^^^^^^^^^^^
  File "C:\Users\щ\Documents\dating-bot\middlewares\ban.py", line 27, in __call__
    return await handler(event, data)
           ^^^^^^^^^^^^^^^^^^^^^^^^^^
  File "C:\Users\щ\Documents\dating-bot\middlewares\notifications.py", line 107, in __call__
    return await handler(event, data)
           ^^^^^^^^^^^^^^^^^^^^^^^^^^
  File "C:\Users\щ\Documents\dating-bot\middlewares\logging.py", line 20, in __call__
    return await handler(event, data)
           ^^^^^^^^^^^^^^^^^^^^^^^^^^
  File "C:\Users\щ\Documents\dating-bot\.venv\Lib\site-packages\aiogram\dispatcher\event\handler.py", line 43, in call
    return await wrapped()
           ^^^^^^^^^^^^^^^
  File "C:\Users\щ\Documents\dating-bot\handlers\profile.py", line 102, in start_edit
    await callback.answer(f"Введите новое значение для '{fields[field]}'")
                                                         ~~~~~~^^^^^^^
KeyError: 'ad'
2025-07-24 20:50:36,716 - aiogram.event - INFO - Update id=885343093 is not handled. Duration 30 ms by bot id=7958736610
2025-07-24 20:51:28,899 - aiogram.dispatcher - INFO - Polling stopped
2025-07-24 20:51:28,902 - aiogram.dispatcher - ERROR - Failed to fetch updates - TelegramNetworkError: HTTP Client says - ServerDisconnectedError: Server disconnected
2025-07-24 20:51:28,906 - aiogram.dispatcher - WARNING - Sleep for 1.000000 seconds and try again... (tryings = 0, bot id = 7958736610)
2025-07-24 20:51:29,164 - aiogram.event - INFO - Update id=885343091 is not handled. Duration 62092 ms by bot id=7958736610
2025-07-24 20:51:29,165 - aiogram.dispatcher - INFO - Polling stopped for bot @AnonymateLove_bot id=7958736610 - 'Anonymate'
2025-07-24 20:51:29,168 - __main__ - INFO - Бот остановлен пользователем
2025-07-24 20:51:52,848 - __main__ - INFO - Tortoise-ORM инициализирована
2025-07-24 20:51:53,410 - __main__ - INFO - Обработчики и middleware зарегистрированы
2025-07-24 20:51:54,365 - utils.commands - INFO - Команды бота успешно установлены
2025-07-24 20:51:54,365 - __main__ - INFO - Бот запущен
2025-07-24 20:51:54,366 - aiogram.dispatcher - INFO - Start polling
2025-07-24 20:51:54,550 - aiogram.dispatcher - INFO - Run polling for bot @AnonymateLove_bot id=7958736610 - 'Anonymate'
2025-07-24 20:51:57,510 - middlewares.logging - INFO - Callback from 665852999: ads_list
2025-07-24 20:51:58,286 - aiogram.event - INFO - Update id=885343094 is handled. Duration 811 ms by bot id=7958736610
2025-07-24 20:51:59,634 - middlewares.logging - INFO - Callback from 665852999: broadcast_ads
2025-07-24 20:51:59,880 - aiogram.event - INFO - Update id=885343095 is handled. Duration 264 ms by bot id=7958736610
2025-07-24 20:52:02,070 - middlewares.logging - INFO - Callback from 665852999: ads_list
2025-07-24 20:52:02,229 - aiogram.event - INFO - Update id=885343096 is handled. Duration 171 ms by bot id=7958736610
2025-07-24 20:52:03,451 - middlewares.logging - INFO - Callback from 665852999: ad_view_1
2025-07-24 20:52:03,705 - aiogram.event - INFO - Update id=885343097 is handled. Duration 280 ms by bot id=7958736610
2025-07-24 20:52:05,153 - middlewares.logging - INFO - Callback from 665852999: edit_ad_1
2025-07-24 20:52:05,155 - aiogram.event - INFO - Update id=885343098 is not handled. Duration 14 ms by bot id=7958736610
2025-07-24 20:52:05,155 - aiogram.event - ERROR - Cause exception while process update id=885343098 by bot id=7958736610
KeyError: 'ad'
Traceback (most recent call last):
  File "C:\Users\щ\Documents\dating-bot\handlers\profile.py", line 100, in start_edit
    await callback.message.edit_text(f"Введите новое значение для '{fields[field]}':", reply_markup=None)
                                                                    ~~~~~~^^^^^^^
KeyError: 'ad'

During handling of the above exception, another exception occurred:

Traceback (most recent call last):
  File "C:\Users\щ\Documents\dating-bot\.venv\Lib\site-packages\aiogram\dispatcher\dispatcher.py", line 309, in _process_update
    response = await self.feed_update(bot, update, **kwargs)
               ^^^^^^^^^^^^^^^^^^^^^^^^^^^^^^^^^^^^^^^^^^^^^
  File "C:\Users\щ\Documents\dating-bot\.venv\Lib\site-packages\aiogram\dispatcher\dispatcher.py", line 158, in feed_update
    response = await self.update.wrap_outer_middleware(
               ^^^^^^^^^^^^^^^^^^^^^^^^^^^^^^^^^^^^^^^^
  File "C:\Users\щ\Documents\dating-bot\.venv\Lib\site-packages\aiogram\dispatcher\middlewares\error.py", line 25, in __call__
    return await handler(event, data)
           ^^^^^^^^^^^^^^^^^^^^^^^^^^
  File "C:\Users\щ\Documents\dating-bot\.venv\Lib\site-packages\aiogram\dispatcher\middlewares\user_context.py", line 56, in __call__
    return await handler(event, data)
           ^^^^^^^^^^^^^^^^^^^^^^^^^^
  File "C:\Users\щ\Documents\dating-bot\.venv\Lib\site-packages\aiogram\fsm\middleware.py", line 42, in __call__
    return await handler(event, data)
           ^^^^^^^^^^^^^^^^^^^^^^^^^^
  File "C:\Users\щ\Documents\dating-bot\.venv\Lib\site-packages\aiogram\dispatcher\event\telegram.py", line 121, in trigger
    return await wrapped_inner(event, kwargs)
           ^^^^^^^^^^^^^^^^^^^^^^^^^^^^^^^^^^
  File "C:\Users\щ\Documents\dating-bot\.venv\Lib\site-packages\aiogram\dispatcher\event\handler.py", line 43, in call
    return await wrapped()
           ^^^^^^^^^^^^^^^
  File "C:\Users\щ\Documents\dating-bot\.venv\Lib\site-packages\aiogram\dispatcher\dispatcher.py", line 276, in _listen_update
    return await self.propagate_event(update_type=update_type, event=event, **kwargs)
           ^^^^^^^^^^^^^^^^^^^^^^^^^^^^^^^^^^^^^^^^^^^^^^^^^^^^^^^^^^^^^^^^^^^^^^^^^^
  File "C:\Users\щ\Documents\dating-bot\.venv\Lib\site-packages\aiogram\dispatcher\router.py", line 146, in propagate_event
    return await observer.wrap_outer_middleware(_wrapped, event=event, data=kwargs)
           ^^^^^^^^^^^^^^^^^^^^^^^^^^^^^^^^^^^^^^^^^^^^^^^^^^^^^^^^^^^^^^^^^^^^^^^^
  File "C:\Users\щ\Documents\dating-bot\.venv\Lib\site-packages\aiogram\dispatcher\router.py", line 141, in _wrapped
    return await self._propagate_event(
           ^^^^^^^^^^^^^^^^^^^^^^^^^^^^
  File "C:\Users\щ\Documents\dating-bot\.venv\Lib\site-packages\aiogram\dispatcher\router.py", line 174, in _propagate_event
    response = await router.propagate_event(update_type=update_type, event=event, **kwargs)
               ^^^^^^^^^^^^^^^^^^^^^^^^^^^^^^^^^^^^^^^^^^^^^^^^^^^^^^^^^^^^^^^^^^^^^^^^^^^^
  File "C:\Users\щ\Documents\dating-bot\.venv\Lib\site-packages\aiogram\dispatcher\router.py", line 146, in propagate_event
    return await observer.wrap_outer_middleware(_wrapped, event=event, data=kwargs)
           ^^^^^^^^^^^^^^^^^^^^^^^^^^^^^^^^^^^^^^^^^^^^^^^^^^^^^^^^^^^^^^^^^^^^^^^^
  File "C:\Users\щ\Documents\dating-bot\.venv\Lib\site-packages\aiogram\dispatcher\router.py", line 141, in _wrapped
    return await self._propagate_event(
           ^^^^^^^^^^^^^^^^^^^^^^^^^^^^
  File "C:\Users\щ\Documents\dating-bot\.venv\Lib\site-packages\aiogram\dispatcher\router.py", line 166, in _propagate_event
    response = await observer.trigger(event, **kwargs)
               ^^^^^^^^^^^^^^^^^^^^^^^^^^^^^^^^^^^^^^^
  File "C:\Users\щ\Documents\dating-bot\.venv\Lib\site-packages\aiogram\dispatcher\event\telegram.py", line 121, in trigger
    return await wrapped_inner(event, kwargs)
           ^^^^^^^^^^^^^^^^^^^^^^^^^^^^^^^^^^
  File "C:\Users\щ\Documents\dating-bot\middlewares\auth.py", line 26, in __call__
    return await handler(event, data)
           ^^^^^^^^^^^^^^^^^^^^^^^^^^
  File "C:\Users\щ\Documents\dating-bot\middlewares\ban.py", line 27, in __call__
    return await handler(event, data)
           ^^^^^^^^^^^^^^^^^^^^^^^^^^
  File "C:\Users\щ\Documents\dating-bot\middlewares\notifications.py", line 107, in __call__
    return await handler(event, data)
           ^^^^^^^^^^^^^^^^^^^^^^^^^^
  File "C:\Users\щ\Documents\dating-bot\middlewares\logging.py", line 20, in __call__
    return await handler(event, data)
           ^^^^^^^^^^^^^^^^^^^^^^^^^^
  File "C:\Users\щ\Documents\dating-bot\.venv\Lib\site-packages\aiogram\dispatcher\event\handler.py", line 43, in call
    return await wrapped()
           ^^^^^^^^^^^^^^^
  File "C:\Users\щ\Documents\dating-bot\handlers\profile.py", line 102, in start_edit
    await callback.answer(f"Введите новое значение для '{fields[field]}'")
                                                         ~~~~~~^^^^^^^
KeyError: 'ad'
2025-07-24 20:52:07,407 - middlewares.logging - INFO - Callback from 665852999: ads_list
2025-07-24 20:52:07,591 - aiogram.event - INFO - Update id=885343099 is handled. Duration 219 ms by bot id=7958736610
2025-07-24 20:52:08,639 - middlewares.logging - INFO - Callback from 665852999: broadcast_ads
2025-07-24 20:52:08,814 - aiogram.event - INFO - Update id=885343100 is handled. Duration 203 ms by bot id=7958736610
2025-07-24 20:52:09,872 - middlewares.logging - INFO - Callback from 665852999: admin_broadcast
2025-07-24 20:52:10,054 - aiogram.event - INFO - Update id=885343101 is handled. Duration 187 ms by bot id=7958736610
2025-07-24 20:52:11,549 - middlewares.logging - INFO - Callback from 665852999: broadcast_ads
2025-07-24 20:52:11,737 - aiogram.event - INFO - Update id=885343102 is handled. Duration 204 ms by bot id=7958736610
2025-07-24 20:52:12,583 - middlewares.logging - INFO - Callback from 665852999: create_ad_new
2025-07-24 20:52:13,304 - aiogram.event - INFO - Update id=885343103 is handled. Duration 734 ms by bot id=7958736610
2025-07-24 20:52:14,803 - middlewares.logging - INFO - Callback from 665852999: ads_cancel
2025-07-24 20:52:14,966 - aiogram.event - INFO - Update id=885343104 is handled. Duration 188 ms by bot id=7958736610
2025-07-24 20:52:16,784 - middlewares.logging - INFO - Callback from 665852999: ads_list
2025-07-24 20:52:16,960 - aiogram.event - INFO - Update id=885343105 is handled. Duration 187 ms by bot id=7958736610
2025-07-24 20:52:18,176 - middlewares.logging - INFO - Callback from 665852999: ad_view_1
2025-07-24 20:52:18,385 - aiogram.event - INFO - Update id=885343106 is handled. Duration 219 ms by bot id=7958736610
2025-07-24 20:52:20,187 - aiogram.event - INFO - Update id=885343107 is not handled. Duration 32 ms by bot id=7958736610
2025-07-24 20:52:32,768 - middlewares.logging - INFO - Message from 665852999: /admin
2025-07-24 20:52:33,167 - aiogram.event - INFO - Update id=885343108 is handled. Duration 422 ms by bot id=7958736610
2025-07-24 20:52:34,432 - middlewares.logging - INFO - Callback from 665852999: admin_stats
2025-07-24 20:52:34,671 - aiogram.event - INFO - Update id=885343109 is handled. Duration 250 ms by bot id=7958736610
2025-07-24 20:52:37,626 - middlewares.logging - INFO - Callback from 665852999: admin_back
2025-07-24 20:52:37,896 - aiogram.event - INFO - Update id=885343110 is handled. Duration 280 ms by bot id=7958736610
2025-07-24 20:52:39,158 - middlewares.logging - INFO - Callback from 665852999: admin_users
2025-07-24 20:52:39,386 - aiogram.event - INFO - Update id=885343111 is handled. Duration 250 ms by bot id=7958736610
2025-07-24 20:52:40,742 - middlewares.logging - INFO - Callback from 665852999: admin_problem_users
2025-07-24 20:52:40,911 - aiogram.event - INFO - Update id=885343112 is handled. Duration 170 ms by bot id=7958736610
2025-07-24 20:52:41,938 - middlewares.logging - INFO - Callback from 665852999: admin_users
2025-07-24 20:52:42,125 - aiogram.event - INFO - Update id=885343113 is handled. Duration 202 ms by bot id=7958736610
2025-07-24 20:52:43,267 - middlewares.logging - INFO - Callback from 665852999: users_list_0
2025-07-24 20:52:43,480 - aiogram.event - INFO - Update id=885343114 is handled. Duration 235 ms by bot id=7958736610
2025-07-24 20:52:45,346 - middlewares.logging - INFO - Callback from 665852999: user_665852999
2025-07-24 20:52:45,521 - aiogram.event - INFO - Update id=885343115 is handled. Duration 187 ms by bot id=7958736610
2025-07-24 20:52:46,650 - middlewares.logging - INFO - Callback from 665852999: user_actions_665852999
2025-07-24 20:52:46,869 - aiogram.event - INFO - Update id=885343116 is handled. Duration 235 ms by bot id=7958736610
2025-07-24 20:52:48,066 - middlewares.logging - INFO - Callback from 665852999: unpremium_665852999
2025-07-24 20:52:48,690 - aiogram.event - INFO - Update id=885343117 is handled. Duration 640 ms by bot id=7958736610
2025-07-24 20:53:51,433 - aiogram.dispatcher - INFO - Polling stopped
2025-07-24 20:53:51,437 - aiogram.dispatcher - ERROR - Failed to fetch updates - TelegramNetworkError: HTTP Client says - ServerDisconnectedError: Server disconnected
2025-07-24 20:53:51,437 - aiogram.dispatcher - WARNING - Sleep for 1.000000 seconds and try again... (tryings = 0, bot id = 7958736610)
2025-07-24 20:53:51,702 - aiogram.dispatcher - INFO - Polling stopped for bot @AnonymateLove_bot id=7958736610 - 'Anonymate'
2025-07-24 20:53:51,705 - __main__ - INFO - Бот остановлен пользователем
2025-07-24 20:54:13,291 - __main__ - INFO - Tortoise-ORM инициализирована
2025-07-24 20:54:13,878 - __main__ - INFO - Обработчики и middleware зарегистрированы
2025-07-24 20:54:14,647 - utils.commands - INFO - Команды бота успешно установлены
2025-07-24 20:54:14,648 - __main__ - INFO - Бот запущен
2025-07-24 20:54:14,648 - aiogram.dispatcher - INFO - Start polling
2025-07-24 20:54:14,877 - aiogram.dispatcher - INFO - Run polling for bot @AnonymateLove_bot id=7958736610 - 'Anonymate'
2025-07-24 20:54:15,110 - middlewares.logging - INFO - Callback from 665852999: users_list_0
2025-07-24 20:54:15,712 - middlewares.logging - INFO - Message from 665852999: /admin
2025-07-24 20:54:15,861 - aiogram.event - INFO - Update id=885343118 is handled. Duration 781 ms by bot id=7958736610
2025-07-24 20:54:17,050 - aiogram.event - INFO - Update id=885343119 is handled. Duration 1344 ms by bot id=7958736610
2025-07-24 20:54:18,291 - middlewares.logging - INFO - Callback from 665852999: admin_broadcast
2025-07-24 20:54:18,462 - aiogram.event - INFO - Update id=885343120 is handled. Duration 172 ms by bot id=7958736610
2025-07-24 20:54:19,929 - middlewares.logging - INFO - Callback from 665852999: broadcast_ads
2025-07-24 20:54:20,090 - aiogram.event - INFO - Update id=885343121 is handled. Duration 188 ms by bot id=7958736610
2025-07-24 20:54:23,925 - middlewares.logging - INFO - Callback from 665852999: ads_list
2025-07-24 20:54:24,151 - aiogram.event - INFO - Update id=885343122 is handled. Duration 235 ms by bot id=7958736610
2025-07-24 20:54:25,135 - middlewares.logging - INFO - Callback from 665852999: ad_view_1
2025-07-24 20:54:25,583 - aiogram.event - INFO - Update id=885343123 is handled. Duration 468 ms by bot id=7958736610
2025-07-24 20:54:26,851 - aiogram.event - INFO - Update id=885343124 is not handled. Duration 15 ms by bot id=7958736610
2025-07-24 20:54:28,497 - middlewares.logging - INFO - Callback from 665852999: ads_list
2025-07-24 20:54:28,691 - aiogram.event - INFO - Update id=885343125 is handled. Duration 219 ms by bot id=7958736610
2025-07-24 20:54:30,090 - middlewares.logging - INFO - Callback from 665852999: broadcast_ads
2025-07-24 20:54:30,248 - aiogram.event - INFO - Update id=885343126 is handled. Duration 186 ms by bot id=7958736610
2025-07-24 20:54:31,518 - middlewares.logging - INFO - Callback from 665852999: create_ad_new
2025-07-24 20:54:31,693 - aiogram.event - INFO - Update id=885343127 is handled. Duration 188 ms by bot id=7958736610
2025-07-24 20:54:39,462 - middlewares.logging - INFO - Message from 665852999: Проверка #2
2025-07-24 20:54:39,769 - aiogram.event - INFO - Update id=885343128 is handled. Duration 312 ms by bot id=7958736610
2025-07-24 20:54:55,697 - middlewares.logging - INFO - Message from 665852999: Проверяем множественный пост по всем группам пользователей.
2025-07-24 20:54:55,927 - aiogram.event - INFO - Update id=885343129 is handled. Duration 234 ms by bot id=7958736610
2025-07-24 20:54:59,933 - middlewares.logging - INFO - Callback from 665852999: set_audience
2025-07-24 20:55:00,242 - aiogram.event - INFO - Update id=885343130 is handled. Duration 329 ms by bot id=7958736610
2025-07-24 20:55:01,364 - middlewares.logging - INFO - Callback from 665852999: audience_all
2025-07-24 20:55:01,789 - aiogram.event - INFO - Update id=885343131 is handled. Duration 436 ms by bot id=7958736610
2025-07-24 20:55:04,984 - middlewares.logging - INFO - Callback from 665852999: set_rounds
2025-07-24 20:55:05,254 - aiogram.event - INFO - Update id=885343132 is handled. Duration 280 ms by bot id=7958736610
2025-07-24 20:55:06,805 - middlewares.logging - INFO - Callback from 665852999: rounds_custom
2025-07-24 20:55:06,806 - aiogram.event - INFO - Update id=885343133 is not handled. Duration 16 ms by bot id=7958736610
2025-07-24 20:55:06,806 - aiogram.event - ERROR - Cause exception while process update id=885343133 by bot id=7958736610
ValueError: invalid literal for int() with base 10: 'custom'
Traceback (most recent call last):
  File "C:\Users\щ\Documents\dating-bot\.venv\Lib\site-packages\aiogram\dispatcher\dispatcher.py", line 309, in _process_update
    response = await self.feed_update(bot, update, **kwargs)
               ^^^^^^^^^^^^^^^^^^^^^^^^^^^^^^^^^^^^^^^^^^^^^
  File "C:\Users\щ\Documents\dating-bot\.venv\Lib\site-packages\aiogram\dispatcher\dispatcher.py", line 158, in feed_update
    response = await self.update.wrap_outer_middleware(
               ^^^^^^^^^^^^^^^^^^^^^^^^^^^^^^^^^^^^^^^^
  File "C:\Users\щ\Documents\dating-bot\.venv\Lib\site-packages\aiogram\dispatcher\middlewares\error.py", line 25, in __call__
    return await handler(event, data)
           ^^^^^^^^^^^^^^^^^^^^^^^^^^
  File "C:\Users\щ\Documents\dating-bot\.venv\Lib\site-packages\aiogram\dispatcher\middlewares\user_context.py", line 56, in __call__
    return await handler(event, data)
           ^^^^^^^^^^^^^^^^^^^^^^^^^^
  File "C:\Users\щ\Documents\dating-bot\.venv\Lib\site-packages\aiogram\fsm\middleware.py", line 42, in __call__
    return await handler(event, data)
           ^^^^^^^^^^^^^^^^^^^^^^^^^^
  File "C:\Users\щ\Documents\dating-bot\.venv\Lib\site-packages\aiogram\dispatcher\event\telegram.py", line 121, in trigger
    return await wrapped_inner(event, kwargs)
           ^^^^^^^^^^^^^^^^^^^^^^^^^^^^^^^^^^
  File "C:\Users\щ\Documents\dating-bot\.venv\Lib\site-packages\aiogram\dispatcher\event\handler.py", line 43, in call
    return await wrapped()
           ^^^^^^^^^^^^^^^
  File "C:\Users\щ\Documents\dating-bot\.venv\Lib\site-packages\aiogram\dispatcher\dispatcher.py", line 276, in _listen_update
    return await self.propagate_event(update_type=update_type, event=event, **kwargs)
           ^^^^^^^^^^^^^^^^^^^^^^^^^^^^^^^^^^^^^^^^^^^^^^^^^^^^^^^^^^^^^^^^^^^^^^^^^^
  File "C:\Users\щ\Documents\dating-bot\.venv\Lib\site-packages\aiogram\dispatcher\router.py", line 146, in propagate_event
    return await observer.wrap_outer_middleware(_wrapped, event=event, data=kwargs)
           ^^^^^^^^^^^^^^^^^^^^^^^^^^^^^^^^^^^^^^^^^^^^^^^^^^^^^^^^^^^^^^^^^^^^^^^^
  File "C:\Users\щ\Documents\dating-bot\.venv\Lib\site-packages\aiogram\dispatcher\router.py", line 141, in _wrapped
    return await self._propagate_event(
           ^^^^^^^^^^^^^^^^^^^^^^^^^^^^
  File "C:\Users\щ\Documents\dating-bot\.venv\Lib\site-packages\aiogram\dispatcher\router.py", line 174, in _propagate_event
    response = await router.propagate_event(update_type=update_type, event=event, **kwargs)
               ^^^^^^^^^^^^^^^^^^^^^^^^^^^^^^^^^^^^^^^^^^^^^^^^^^^^^^^^^^^^^^^^^^^^^^^^^^^^
  File "C:\Users\щ\Documents\dating-bot\.venv\Lib\site-packages\aiogram\dispatcher\router.py", line 146, in propagate_event
    return await observer.wrap_outer_middleware(_wrapped, event=event, data=kwargs)
           ^^^^^^^^^^^^^^^^^^^^^^^^^^^^^^^^^^^^^^^^^^^^^^^^^^^^^^^^^^^^^^^^^^^^^^^^
  File "C:\Users\щ\Documents\dating-bot\.venv\Lib\site-packages\aiogram\dispatcher\router.py", line 141, in _wrapped
    return await self._propagate_event(
           ^^^^^^^^^^^^^^^^^^^^^^^^^^^^
  File "C:\Users\щ\Documents\dating-bot\.venv\Lib\site-packages\aiogram\dispatcher\router.py", line 166, in _propagate_event
    response = await observer.trigger(event, **kwargs)
               ^^^^^^^^^^^^^^^^^^^^^^^^^^^^^^^^^^^^^^^
  File "C:\Users\щ\Documents\dating-bot\.venv\Lib\site-packages\aiogram\dispatcher\event\telegram.py", line 121, in trigger
    return await wrapped_inner(event, kwargs)
           ^^^^^^^^^^^^^^^^^^^^^^^^^^^^^^^^^^
  File "C:\Users\щ\Documents\dating-bot\middlewares\auth.py", line 26, in __call__
    return await handler(event, data)
           ^^^^^^^^^^^^^^^^^^^^^^^^^^
  File "C:\Users\щ\Documents\dating-bot\middlewares\ban.py", line 27, in __call__
    return await handler(event, data)
           ^^^^^^^^^^^^^^^^^^^^^^^^^^
  File "C:\Users\щ\Documents\dating-bot\middlewares\notifications.py", line 107, in __call__
    return await handler(event, data)
           ^^^^^^^^^^^^^^^^^^^^^^^^^^
  File "C:\Users\щ\Documents\dating-bot\middlewares\logging.py", line 20, in __call__
    return await handler(event, data)
           ^^^^^^^^^^^^^^^^^^^^^^^^^^
  File "C:\Users\щ\Documents\dating-bot\.venv\Lib\site-packages\aiogram\dispatcher\event\handler.py", line 43, in call
    return await wrapped()
           ^^^^^^^^^^^^^^^
  File "C:\Users\щ\Documents\dating-bot\handlers\ad_manager.py", line 142, in select_rounds
    rounds = int(callback.data.split("_")[1])
             ^^^^^^^^^^^^^^^^^^^^^^^^^^^^^^^^
ValueError: invalid literal for int() with base 10: 'custom'
2025-07-24 20:55:11,406 - middlewares.logging - INFO - Callback from 665852999: rounds_5
2025-07-24 20:55:12,795 - aiogram.event - INFO - Update id=885343134 is handled. Duration 1422 ms by bot id=7958736610
2025-07-24 20:55:16,350 - middlewares.logging - INFO - Callback from 665852999: set_frequency
2025-07-24 20:55:16,558 - aiogram.event - INFO - Update id=885343135 is handled. Duration 235 ms by bot id=7958736610
2025-07-24 20:55:17,700 - middlewares.logging - INFO - Callback from 665852999: freq_1
2025-07-24 20:55:18,045 - aiogram.event - INFO - Update id=885343136 is handled. Duration 375 ms by bot id=7958736610
2025-07-24 20:55:21,343 - aiogram.event - INFO - Update id=885343137 is not handled. Duration 30 ms by bot id=7958736610
2025-07-24 20:55:24,350 - middlewares.logging - INFO - Callback from 665852999: save_ad
2025-07-24 20:55:24,533 - aiogram.event - INFO - Update id=885343138 is handled. Duration 202 ms by bot id=7958736610
2025-07-24 20:55:42,918 - middlewares.logging - INFO - Message from 665852999: /admin
2025-07-24 20:55:43,102 - aiogram.event - INFO - Update id=885343139 is handled. Duration 188 ms by bot id=7958736610
2025-07-24 20:55:45,253 - middlewares.logging - INFO - Callback from 665852999: admin_broadcast
2025-07-24 20:55:45,473 - aiogram.event - INFO - Update id=885343140 is handled. Duration 234 ms by bot id=7958736610
2025-07-24 20:55:47,310 - middlewares.logging - INFO - Callback from 665852999: broadcast_ads
2025-07-24 20:55:47,555 - aiogram.event - INFO - Update id=885343141 is handled. Duration 266 ms by bot id=7958736610
2025-07-24 20:55:48,785 - middlewares.logging - INFO - Callback from 665852999: admin_broadcast
2025-07-24 20:55:49,049 - aiogram.event - INFO - Update id=885343142 is handled. Duration 281 ms by bot id=7958736610
2025-07-24 20:55:50,155 - middlewares.logging - INFO - Callback from 665852999: broadcast_ads
2025-07-24 20:55:50,373 - aiogram.event - INFO - Update id=885343143 is handled. Duration 250 ms by bot id=7958736610
2025-07-24 20:55:51,709 - middlewares.logging - INFO - Callback from 665852999: ads_analytics
2025-07-24 20:55:52,015 - aiogram.event - INFO - Update id=885343144 is handled. Duration 327 ms by bot id=7958736610
2025-07-24 20:56:36,371 - middlewares.logging - INFO - Callback from 665852999: broadcast_ads
2025-07-24 20:56:36,659 - aiogram.event - INFO - Update id=885343145 is handled. Duration 311 ms by bot id=7958736610
2025-07-24 20:56:39,130 - middlewares.logging - INFO - Callback from 665852999: admin_broadcast
2025-07-24 20:56:39,397 - aiogram.event - INFO - Update id=885343146 is handled. Duration 280 ms by bot id=7958736610
2025-07-24 20:56:41,251 - middlewares.logging - INFO - Callback from 665852999: admin_back
2025-07-24 20:56:41,444 - aiogram.event - INFO - Update id=885343147 is handled. Duration 203 ms by bot id=7958736610
2025-07-24 20:56:44,884 - middlewares.logging - INFO - Callback from 665852999: admin_stats
2025-07-24 20:56:45,068 - aiogram.event - INFO - Update id=885343148 is handled. Duration 188 ms by bot id=7958736610
2025-07-24 20:56:47,011 - middlewares.logging - INFO - Callback from 665852999: admin_stats
2025-07-24 20:56:47,227 - aiogram.event - INFO - Update id=885343149 is handled. Duration 219 ms by bot id=7958736610
2025-07-24 20:56:48,964 - middlewares.logging - INFO - Callback from 665852999: admin_back
2025-07-24 20:56:49,137 - aiogram.event - INFO - Update id=885343150 is handled. Duration 187 ms by bot id=7958736610
2025-07-24 20:56:51,605 - middlewares.logging - INFO - Message from 665852999: Профиль
2025-07-24 20:56:51,950 - aiogram.event - INFO - Update id=885343151 is handled. Duration 359 ms by bot id=7958736610
2025-07-24 20:56:56,813 - middlewares.logging - INFO - Callback from 665852999: admin_stats
2025-07-24 20:56:57,057 - aiogram.event - INFO - Update id=885343152 is handled. Duration 250 ms by bot id=7958736610
2025-07-24 20:56:59,209 - middlewares.logging - INFO - Callback from 665852999: admin_stats
2025-07-24 20:56:59,463 - aiogram.event - INFO - Update id=885343153 is handled. Duration 264 ms by bot id=7958736610
2025-07-24 20:57:01,705 - middlewares.logging - INFO - Callback from 665852999: admin_back
2025-07-24 20:57:01,960 - aiogram.event - INFO - Update id=885343154 is handled. Duration 264 ms by bot id=7958736610
2025-07-24 20:57:02,398 - middlewares.logging - INFO - Message from 665852999: Найти собеседника
2025-07-24 20:57:02,971 - aiogram.event - INFO - Update id=885343155 is handled. Duration 578 ms by bot id=7958736610
2025-07-24 21:01:25,550 - aiogram.dispatcher - INFO - Polling stopped
2025-07-24 21:01:25,559 - aiogram.dispatcher - ERROR - Failed to fetch updates - TelegramNetworkError: HTTP Client says - ServerDisconnectedError: Server disconnected
2025-07-24 21:01:25,626 - aiogram.dispatcher - WARNING - Sleep for 1.000000 seconds and try again... (tryings = 0, bot id = 7958736610)
2025-07-24 21:01:25,981 - aiogram.dispatcher - INFO - Polling stopped for bot @AnonymateLove_bot id=7958736610 - 'Anonymate'
2025-07-24 21:01:26,149 - __main__ - INFO - Бот остановлен пользователем
